Unknown:
C:\y3term2\ENE323\65070502423_Patch_antenna_design\Result\h-field_m3d.coe
C:\y3term2\ENE323\65070502423_Patch_antenna_design\Result\h-field_m3d_sct.coe
C:\y3term2\ENE323\65070502423_Patch_antenna_design\Result\hardware_resources.sconf
C:\y3term2\ENE323\65070502423_Patch_antenna_design\Result\Hex.gap
C:\y3term2\ENE323\65070502423_Patch_antenna_design\Result\MCalc.ddi
C:\y3term2\ENE323\65070502423_Patch_antenna_design\Result\MCalc.log
C:\y3term2\ENE323\65070502423_Patch_antenna_design\Result\Model.axg
C:\y3term2\ENE323\65070502423_Patch_antenna_design\Result\Model.coco
C:\y3term2\ENE323\65070502423_Patch_antenna_design\Result\Model.ddi
C:\y3term2\ENE323\65070502423_Patch_antenna_design\Result\Model.elg
C:\y3term2\ENE323\65070502423_Patch_antenna_design\Result\Model.log
C:\y3term2\ENE323\65070502423_Patch_antenna_design\Result\Model.sa
C:\y3term2\ENE323\65070502423_Patch_antenna_design\Result\Model.sam
C:\y3term2\ENE323\65070502423_Patch_antenna_design\Result\ModelPBA.axg
C:\y3term2\ENE323\65070502423_Patch_antenna_design\Result\Model_1.sam
C:\y3term2\ENE323\65070502423_Patch_antenna_design\Result\m^fifx.dsc
C:\y3term2\ENE323\65070502423_Patch_antenna_design\Result\m^fqq.dsc
C:\y3term2\ENE323\65070502423_Patch_antenna_design\Result\Port1_e1[4]_prt.sct
C:\y3term2\ENE323\65070502423_Patch_antenna_design\Result\Port1_e1[4]_prt^res.axg
C:\y3term2\ENE323\65070502423_Patch_antenna_design\Result\Port1_h1[4]_prt.sct
C:\y3term2\ENE323\65070502423_Patch_antenna_design\Result\Port1_h1[4]_prt^res.axg
C:\y3term2\ENE323\65070502423_Patch_antenna_design\Result\Ports.web
C:\y3term2\ENE323\65070502423_Patch_antenna_design\Result\Port^Mesh^1_1.slm
C:\y3term2\ENE323\65070502423_Patch_antenna_design\Result\PP-MCalc.log
C:\y3term2\ENE323\65070502423_Patch_antenna_design\Result\PP-Prio.log
C:\y3term2\ENE323\65070502423_Patch_antenna_design\Result\p^a.dsc
C:\y3term2\ENE323\65070502423_Patch_antenna_design\Result\P^m^fb.slog
C:\y3term2\ENE323\65070502423_Patch_antenna_design\Result\P^m^fbqq.slog
C:\y3term2\ENE323\65070502423_Patch_antenna_design\Result\P^m^fqq.slog
C:\y3term2\ENE323\65070502423_Patch_antenna_design\Result\P^p^m.slog
C:\y3term2\ENE323\65070502423_Patch_antenna_design\Result\P^s^pm.slog
Mesh:
C:\y3term2\ENE323\65070502423_Patch_antenna_design\Result\dA.mat
C:\y3term2\ENE323\65070502423_Patch_antenna_design\Result\dad.mat
C:\y3term2\ENE323\65070502423_Patch_antenna_design\Result\ds.mat
C:\y3term2\ENE323\65070502423_Patch_antenna_design\Result\dsd.mat
C:\y3term2\ENE323\65070502423_Patch_antenna_design\Result\dsMCalc.mat
C:\y3term2\ENE323\65070502423_Patch_antenna_design\Result\Eps.mat
C:\y3term2\ENE323\65070502423_Patch_antenna_design\Result\HexMatrix.m2h
C:\y3term2\ENE323\65070502423_Patch_antenna_design\Result\HexMatrix_MCalc.m2h
C:\y3term2\ENE323\65070502423_Patch_antenna_design\Result\Kappa.mat
C:\y3term2\ENE323\65070502423_Patch_antenna_design\Result\MCalc.fmp
C:\y3term2\ENE323\65070502423_Patch_antenna_design\Result\MCalc.xcfd
C:\y3term2\ENE323\65070502423_Patch_antenna_design\Result\MCalcCCS_c.mson
C:\y3term2\ENE323\65070502423_Patch_antenna_design\Result\Meta.m2h
C:\y3term2\ENE323\65070502423_Patch_antenna_design\Result\Meta.mat
C:\y3term2\ENE323\65070502423_Patch_antenna_design\Result\Model-fmf.msqlite
C:\y3term2\ENE323\65070502423_Patch_antenna_design\Result\Model.cct
C:\y3term2\ENE323\65070502423_Patch_antenna_design\Result\Model.fmf
C:\y3term2\ENE323\65070502423_Patch_antenna_design\Result\Model.fmm
C:\y3term2\ENE323\65070502423_Patch_antenna_design\Result\Model.fpc
C:\y3term2\ENE323\65070502423_Patch_antenna_design\Result\Model.fwf
C:\y3term2\ENE323\65070502423_Patch_antenna_design\Result\Model.sic
C:\y3term2\ENE323\65070502423_Patch_antenna_design\Result\Model.sid
C:\y3term2\ENE323\65070502423_Patch_antenna_design\Result\Model.spi
C:\y3term2\ENE323\65070502423_Patch_antenna_design\Result\Model.xcfd
C:\y3term2\ENE323\65070502423_Patch_antenna_design\Result\Mue.mat
C:\y3term2\ENE323\65070502423_Patch_antenna_design\Result\m^fifx.mem
C:\y3term2\ENE323\65070502423_Patch_antenna_design\Result\m^fqq.mem
C:\y3term2\ENE323\65070502423_Patch_antenna_design\Result\p1.spi
C:\y3term2\ENE323\65070502423_Patch_antenna_design\Result\PEC.mat
C:\y3term2\ENE323\65070502423_Patch_antenna_design\Result\Port1.wgi
C:\y3term2\ENE323\65070502423_Patch_antenna_design\Result\p^a.mem
C:\y3term2\ENE323\65070502423_Patch_antenna_design\Result\p^m.mem
C:\y3term2\ENE323\65070502423_Patch_antenna_design\Result\Rho.mat
C:\y3term2\ENE323\65070502423_Patch_antenna_design\Result\S2HMatrix.m2h
C:\y3term2\ENE323\65070502423_Patch_antenna_design\Result\Shapes.con
C:\y3term2\ENE323\65070502423_Patch_antenna_design\Result\s^pm.mem
Port:
C:\y3term2\ENE323\65070502423_Patch_antenna_design\Result\adapt_Port1_e1.prt
C:\y3term2\ENE323\65070502423_Patch_antenna_design\Result\adapt_Port1_e1[4].prt
C:\y3term2\ENE323\65070502423_Patch_antenna_design\Result\adapt_Port1_h1.prt
C:\y3term2\ENE323\65070502423_Patch_antenna_design\Result\adapt_Port1_h1[4].prt
C:\y3term2\ENE323\65070502423_Patch_antenna_design\Result\Model.pmi
C:\y3term2\ENE323\65070502423_Patch_antenna_design\Result\Port1_1[4].m2d
C:\y3term2\ENE323\65070502423_Patch_antenna_design\Result\Port1_drv.m2d
C:\y3term2\ENE323\65070502423_Patch_antenna_design\Result\Port1_e1.prt
C:\y3term2\ENE323\65070502423_Patch_antenna_design\Result\Port1_e1[4].prt
C:\y3term2\ENE323\65070502423_Patch_antenna_design\Result\Port1_h1.prt
C:\y3term2\ENE323\65070502423_Patch_antenna_design\Result\Port1_h1[4].prt
